[2025-04-13 22:08:40] [SERVER_START] Server 1 started on port 8080
[2025-04-13 22:09:13] [CLIENT_CONNECT] New client connected
[2025-04-13 22:38:47] [CLIENT_CONNECT] New client connected
[2025-04-13 22:38:47] [COMMAND] Received command: MOUSE_KEYS
[2025-04-13 23:30:06] [CLIENT_CONNECT] New client connected
[2025-04-14 01:10:56] [CLIENT_CONNECT] New client connected
[2025-04-14 01:11:46] [CLIENT_CONNECT] New client connected
[2025-04-14 01:11:46] [COMMAND] Received command: MOUSE_KEYSCOMMAND|Received command: MOUSE_KEYS
[2025-04-14 01:12:09] [CLIENT_CONNECT] New client connected
[2025-04-14 01:12:09] [COMMAND] Received command: MOUSE_KEYS
[2025-04-14 12:01:51] [SERVER_START] Server 1 started on port 8080
[2025-04-14 12:04:04] [CLIENT_CONNECT] New client connected
[2025-04-14 12:04:35] [CLIENT_CONNECT] New client connected
[2025-04-14 12:05:21] [CLIENT_CONNECT] New client connected
[2025-04-14 12:05:21] [COMMAND] Received command: MEMORY
[2025-04-14 12:06:40] [CLIENT_CONNECT] New client connected
[2025-04-14 12:08:14] [SERVER_START] Server 1 started on port 8080
[2025-04-14 12:08:44] [CLIENT_CONNECT] New client connected
[2025-04-14 12:08:44] [COMMAND] Received command: MOUSE_KEYSCOMMAND|Received command: MOUSE_KEYS
[2025-04-14 12:09:14] [CLIENT_CONNECT] New client connected
[2025-04-14 12:09:15] [COMMAND] Received command: MOUSE_KEYS
[2025-04-14 12:26:23] [CLIENT_CONNECT] New client connected
[2025-04-14 12:26:23] [COMMAND] Received command: MOUSE_KEYS
[2025-04-14 13:08:11] [SERVER_START] Server 1 started on port 8080
[2025-04-14 13:16:08] [SERVER_START] Server 1 started on port 8080
[2025-04-14 13:19:05] [SERVER_START] Server 1 started on port 8080
[2025-04-14 13:19:26] [SERVER_START] Server 1 started on port 8080
[2025-04-14 13:32:06] [SERVER_START] Server 1 started
[2025-04-14 13:32:18] [SERVER_START] Server 1 started
[2025-04-14 13:34:46] [SERVER_START] Server 1 started on port 8080
[2025-04-14 13:36:30] [CLIENT_CONNECT] New client connectedEXIT|Received command: [2025-04-14 13:36:30] Connection closed
